07, 22, 2016 (15:39:46): Starting Pre-Save actions

07, 22, 2016 (15:39:46): Starting Dialogs Check/Save
07, 22, 2016 (15:39:46): Finished Dialogs Check/Save
07, 22, 2016 (15:39:46): Starting Controlled Files Resolution
07, 22, 2016 (15:39:46): Finished Controlled Files Resolution
07, 22, 2016 (15:39:46): Finished Pre-Save actions

07, 22, 2016 (15:39:46): Creating C:\Users\Student\Desktop\Venci_Rhapsody\Project\Project.rpy
07, 22, 2016 (15:39:46): 
Started writing C:\Users\Student\Desktop\Venci_Rhapsody\Project\Project.rpy on Friday, July 22, 2016 (15:39:46)

07, 22, 2016 (15:39:46): version 8.5.2
07, 22, 2016 (15:39:46): 
Started writing C:\Users\Student\Desktop\Venci_Rhapsody\Project\Project_rpy\filesTable.dat on Friday, July 22, 2016 (15:39:46)

07, 22, 2016 (15:39:46): Finished writing C:\Users\Student\Desktop\Venci_Rhapsody\Project\Project_rpy\filesTable.dat on Friday, July 22, 2016 (15:39:46)

07, 22, 2016 (15:39:46): Creating C:\Users\Student\Desktop\Venci_Rhapsody\Project\Project_rpy\Default.sbs
07, 22, 2016 (15:39:46): 
Started writing C:\Users\Student\Desktop\Venci_Rhapsody\Project\Project_rpy\Default.sbs on Friday, July 22, 2016 (15:39:46)

07, 22, 2016 (15:39:46): version 8.5.2
07, 22, 2016 (15:39:46): Finished writing C:\Users\Student\Desktop\Venci_Rhapsody\Project\Project_rpy\Default.sbs on Friday, July 22, 2016 (15:39:46)

07, 22, 2016 (15:39:46): Creating C:\Users\Student\Desktop\Venci_Rhapsody\Project\Project_rpy\DefaultComponent.cmp
07, 22, 2016 (15:39:46): 
Started writing C:\Users\Student\Desktop\Venci_Rhapsody\Project\Project_rpy\DefaultComponent.cmp on Friday, July 22, 2016 (15:39:46)

07, 22, 2016 (15:39:46): version 8.5.2
07, 22, 2016 (15:39:46): Finished writing C:\Users\Student\Desktop\Venci_Rhapsody\Project\Project_rpy\DefaultComponent.cmp on Friday, July 22, 2016 (15:39:46)

07, 22, 2016 (15:39:46): Finished writing C:\Users\Student\Desktop\Venci_Rhapsody\Project\Project.rpy on Friday, July 22, 2016 (15:39:46)

07, 22, 2016 (15:39:46): End Log
