07, 25, 2016 (15:22:40): Opening rpy file C:\Program Files (x86)\IBM\Rational\Rhapsody Modeler\7.5\Share\Properties\PredefinedTypes.sbs
07, 25, 2016 (15:22:40): 
 Started loading C:\Program Files (x86)\IBM\Rational\Rhapsody Modeler\7.5\Share\Properties\PredefinedTypes.sbs on Monday, July 25, 2016 (15:22:40).-

07, 25, 2016 (15:22:40): 

Starting inUnit resolution phase


07, 25, 2016 (15:22:40): 

Finished inUnit resolution phase


07, 25, 2016 (15:22:40): 
 Finished loading C:\Program Files (x86)\IBM\Rational\Rhapsody Modeler\7.5\Share\Properties\PredefinedTypes.sbs on Monday, July 25, 2016 (15:22:40).-

07, 25, 2016 (15:22:40): Opening rpy file C:\Program Files (x86)\IBM\Rational\Rhapsody Modeler\7.5\Share\Properties\PredefinedTypesC++.sbs
07, 25, 2016 (15:22:40): 
 Started loading C:\Program Files (x86)\IBM\Rational\Rhapsody Modeler\7.5\Share\Properties\PredefinedTypesC++.sbs on Monday, July 25, 2016 (15:22:40).-

07, 25, 2016 (15:22:40): 

Starting inUnit resolution phase


07, 25, 2016 (15:22:40): 

Finished inUnit resolution phase


07, 25, 2016 (15:22:40): 
 Finished loading C:\Program Files (x86)\IBM\Rational\Rhapsody Modeler\7.5\Share\Properties\PredefinedTypesC++.sbs on Monday, July 25, 2016 (15:22:40).-

07, 25, 2016 (15:22:40): Opening rpy file C:\Users\Student\Desktop\Venci_Rhapsody\CW2\CW2.rpy
07, 25, 2016 (15:22:40): 
 Started loading C:\Users\Student\Desktop\Venci_Rhapsody\CW2\CW2.rpy on Monday, July 25, 2016 (15:22:40).-

07, 25, 2016 (15:22:40): Opening rpy file C:\Users\Student\Desktop\Venci_Rhapsody\CW2\CW2_rpy\Default.sbs
07, 25, 2016 (15:22:40): 
 Started loading C:\Users\Student\Desktop\Venci_Rhapsody\CW2\CW2_rpy\Default.sbs on Monday, July 25, 2016 (15:22:40).-

07, 25, 2016 (15:22:40): 

Starting inUnit resolution phase


07, 25, 2016 (15:22:40): 

Finished inUnit resolution phase


07, 25, 2016 (15:22:40): 
 Finished loading C:\Users\Student\Desktop\Venci_Rhapsody\CW2\CW2_rpy\Default.sbs on Monday, July 25, 2016 (15:22:40).-

07, 25, 2016 (15:22:40): Opening rpy file C:\Users\Student\Desktop\Venci_Rhapsody\CW2\CW2_rpy\DefaultComponent.cmp
07, 25, 2016 (15:22:40): 
 Started loading C:\Users\Student\Desktop\Venci_Rhapsody\CW2\CW2_rpy\DefaultComponent.cmp on Monday, July 25, 2016 (15:22:40).-

07, 25, 2016 (15:22:40): 

Starting inUnit resolution phase


07, 25, 2016 (15:22:40): 

Finished inUnit resolution phase


07, 25, 2016 (15:22:40): 
 Finished loading C:\Users\Student\Desktop\Venci_Rhapsody\CW2\CW2_rpy\DefaultComponent.cmp on Monday, July 25, 2016 (15:22:40).-

07, 25, 2016 (15:22:40): 

Starting inUnit resolution phase


07, 25, 2016 (15:22:40): 

Finished inUnit resolution phase


07, 25, 2016 (15:22:40): 

Starting inUnit resolution phase


07, 25, 2016 (15:22:40): 

Finished inUnit resolution phase


07, 25, 2016 (15:22:40): 

Starting inUnit resolution phase


07, 25, 2016 (15:22:40): 

Finished inUnit resolution phase


07, 25, 2016 (15:22:40): 
 Finished loading C:\Users\Student\Desktop\Venci_Rhapsody\CW2\CW2.rpy on Monday, July 25, 2016 (15:22:40).-

07, 25, 2016 (15:22:40): Starting checks of EventsBaseID conflicts
07, 25, 2016 (15:22:40): Finished checks of EventsBaseID conflicts
07, 25, 2016 (15:22:40): End Log
