07, 25, 2016 (19:09:52): Starting Pre-Save actions

07, 25, 2016 (19:09:52): Starting Dialogs Check/Save
07, 25, 2016 (19:09:52): Finished Dialogs Check/Save
07, 25, 2016 (19:09:52): Starting Controlled Files Resolution
07, 25, 2016 (19:09:52): Finished Controlled Files Resolution
07, 25, 2016 (19:09:52): Finished Pre-Save actions

07, 25, 2016 (19:09:52): Creating C:\Users\Student\Desktop\Venci_Rhapsody\CW2\CW2.rpy
07, 25, 2016 (19:09:52): 
Started writing C:\Users\Student\Desktop\Venci_Rhapsody\CW2\CW2.rpy on Monday, July 25, 2016 (19:09:52)

07, 25, 2016 (19:09:52): version 8.5.2
07, 25, 2016 (19:09:52): 
Started writing C:\Users\Student\Desktop\Venci_Rhapsody\CW2\CW2_rpy\filesTable.dat on Monday, July 25, 2016 (19:09:52)

07, 25, 2016 (19:09:52): Finished writing C:\Users\Student\Desktop\Venci_Rhapsody\CW2\CW2_rpy\filesTable.dat on Monday, July 25, 2016 (19:09:52)

07, 25, 2016 (19:09:52): Creating C:\Users\Student\Desktop\Venci_Rhapsody\CW2\CW2_rpy\Default.sbs
07, 25, 2016 (19:09:52): 
Started writing C:\Users\Student\Desktop\Venci_Rhapsody\CW2\CW2_rpy\Default.sbs on Monday, July 25, 2016 (19:09:52)

07, 25, 2016 (19:09:52): version 8.5.2
07, 25, 2016 (19:09:52): Finished writing C:\Users\Student\Desktop\Venci_Rhapsody\CW2\CW2_rpy\Default.sbs on Monday, July 25, 2016 (19:09:52)

07, 25, 2016 (19:09:52): Finished writing C:\Users\Student\Desktop\Venci_Rhapsody\CW2\CW2.rpy on Monday, July 25, 2016 (19:09:52)

07, 25, 2016 (19:09:52): End Log
